<?xml version="1.0" encoding="UTF-8"?>
<coverage generated="1742628757450" clover="3.2.0">
  <project timestamp="1742628757450" name="All files">
    <metrics statements="27" coveredstatements="22" conditionals="3" coveredconditionals="1" methods="6" coveredmethods="3" elements="36" coveredelements="26" complexity="0" loc="27" ncloc="27" packages="2" files="4" classes="4"/>
    <package name="src">
      <metrics statements="9" coveredstatements="6" conditionals="2" coveredconditionals="0" methods="1" coveredmethods="0"/>
      <file name="db.ts" path="D:\sandbox\pern\backend\src\db.ts">
        <metrics statements="9" coveredstatements="6" conditionals="2" coveredconditionals="0" methods="1" coveredmethods="0"/>
        <line num="1" count="1" type="stmt"/>
        <line num="2" count="1" type="stmt"/>
        <line num="4" count="1" type="stmt"/>
        <line num="6" count="1" type="stmt"/>
        <line num="14" count="1" type="stmt"/>
        <line num="15" count="0" type="cond" truecount="0" falsecount="2"/>
        <line num="16" count="0" type="stmt"/>
        <line num="18" count="0" type="stmt"/>
        <line num="22" count="1" type="stmt"/>
      </file>
    </package>
    <package name="src.search">
      <metrics statements="18" coveredstatements="16" conditionals="1" coveredconditionals="1" methods="5" coveredmethods="3"/>
      <file name="searchController.ts" path="D:\sandbox\pern\backend\src\search\searchController.ts">
        <metrics statements="9" coveredstatements="9" conditionals="1" coveredconditionals="1" methods="3" coveredmethods="3"/>
        <line num="2" count="1" type="stmt"/>
        <line num="4" count="1" type="stmt"/>
        <line num="5" count="5" type="stmt"/>
        <line num="7" count="5" type="cond" truecount="1" falsecount="0"/>
        <line num="8" count="2" type="stmt"/>
        <line num="11" count="3" type="stmt"/>
        <line num="12" count="2" type="stmt"/>
        <line num="14" count="1" type="stmt"/>
        <line num="15" count="1" type="stmt"/>
      </file>
      <file name="searchRoutes.ts" path="D:\sandbox\pern\backend\src\search\searchRoutes.ts">
        <metrics statements="5" coveredstatements="5" conditionals="0" coveredconditionals="0" methods="0" coveredmethods="0"/>
        <line num="1" count="1" type="stmt"/>
        <line num="2" count="1" type="stmt"/>
        <line num="4" count="1" type="stmt"/>
        <line num="6" count="1" type="stmt"/>
        <line num="8" count="1" type="stmt"/>
      </file>
      <file name="searchService.ts" path="D:\sandbox\pern\backend\src\search\searchService.ts">
        <metrics statements="4" coveredstatements="2" conditionals="0" coveredconditionals="0" methods="2" coveredmethods="0"/>
        <line num="1" count="1" type="stmt"/>
        <line num="4" count="1" type="stmt"/>
        <line num="6" count="0" type="stmt"/>
        <line num="13" count="0" type="stmt"/>
      </file>
    </package>
  </project>
</coverage>
